<?xml version="1.0" encoding="UTF-8"?>
<coverage generated="1647196361074" clover="3.2.0">
  <project timestamp="1647196361074" name="All files">
    <metrics statements="14" coveredstatements="14" conditionals="10" coveredconditionals="10" methods="3" coveredmethods="3" elements="27" coveredelements="27" complexity="0" loc="14" ncloc="14" packages="1" files="1" classes="1"/>
    <file name="VendingMachine.js" path="/Users/ifeoluwaakinremi-wade/TDDPractice/components/VendingMachine.js">
      <metrics statements="14" coveredstatements="14" conditionals="10" coveredconditionals="10" methods="3" coveredmethods="3"/>
      <line num="4" count="1" type="stmt"/>
      <line num="5" count="1" type="stmt"/>
      <line num="9" count="5" type="stmt"/>
      <line num="10" count="50" type="stmt"/>
      <line num="15" count="5" type="stmt"/>
      <line num="17" count="5" type="cond" truecount="2" falsecount="0"/>
      <line num="19" count="4" type="cond" truecount="2" falsecount="0"/>
      <line num="20" count="1" type="stmt"/>
      <line num="23" count="3" type="cond" truecount="2" falsecount="0"/>
      <line num="24" count="1" type="stmt"/>
      <line num="27" count="2" type="cond" truecount="4" falsecount="0"/>
      <line num="28" count="1" type="stmt"/>
      <line num="30" count="1" type="stmt"/>
      <line num="41" count="1" type="stmt"/>
    </file>
  </project>
</coverage>
