{"/Users/ifeoluwaakinremi-wade/TDDPractice/components/VendingMachine.js": {"path":"/Users/ifeoluwaakinremi-wade/TDDPractice/components/VendingMachine.js","statementMap":{"0":{"start":{"line":4,"column":8},"end":{"line":4,"column":26}},"1":{"start":{"line":5,"column":8},"end":{"line":5,"column":58}},"2":{"start":{"line":9,"column":21},"end":{"line":11,"column":10}},"3":{"start":{"line":10,"column":12},"end":{"line":10,"column":46}},"4":{"start":{"line":15,"column":28},"end":{"line":15,"column":33}},"5":{"start":{"line":17,"column":8},"end":{"line":17,"column":121}},"6":{"start":{"line":17,"column":24},"end":{"line":17,"column":121}},"7":{"start":{"line":19,"column":7},"end":{"line":21,"column":8}},"8":{"start":{"line":20,"column":11},"end":{"line":20,"column":37}},"9":{"start":{"line":23,"column":7},"end":{"line":25,"column":8}},"10":{"start":{"line":24,"column":11},"end":{"line":24,"column":47}},"11":{"start":{"line":27,"column":7},"end":{"line":31,"column":9}},"12":{"start":{"line":28,"column":11},"end":{"line":28,"column":84}},"13":{"start":{"line":30,"column":12},"end":{"line":30,"column":41}},"14":{"start":{"line":41,"column":0},"end":{"line":41,"column":31}}},"fnMap":{"0":{"name":"(anonymous_0)","decl":{"start":{"line":3,"column":4},"end":{"line":3,"column":5}},"loc":{"start":{"line":3,"column":45},"end":{"line":6,"column":5}},"line":3},"1":{"name":"(anonymous_1)","decl":{"start":{"line":8,"column":4},"end":{"line":8,"column":5}},"loc":{"start":{"line":8,"column":41},"end":{"line":38,"column":5}},"line":8},"2":{"name":"(anonymous_2)","decl":{"start":{"line":9,"column":38},"end":{"line":9,"column":39}},"loc":{"start":{"line":9,"column":46},"end":{"line":11,"column":9}},"line":9}},"branchMap":{"0":{"loc":{"start":{"line":17,"column":8},"end":{"line":17,"column":121}},"type":"if","locations":[{"start":{"line":17,"column":8},"end":{"line":17,"column":121}},{"start":{},"end":{}}],"line":17},"1":{"loc":{"start":{"line":19,"column":7},"end":{"line":21,"column":8}},"type":"if","locations":[{"start":{"line":19,"column":7},"end":{"line":21,"column":8}},{"start":{},"end":{}}],"line":19},"2":{"loc":{"start":{"line":23,"column":7},"end":{"line":25,"column":8}},"type":"if","locations":[{"start":{"line":23,"column":7},"end":{"line":25,"column":8}},{"start":{},"end":{}}],"line":23},"3":{"loc":{"start":{"line":27,"column":7},"end":{"line":31,"column":9}},"type":"if","locations":[{"start":{"line":27,"column":7},"end":{"line":31,"column":9}},{"start":{"line":29,"column":13},"end":{"line":31,"column":9}}],"line":27},"4":{"loc":{"start":{"line":27,"column":10},"end":{"line":27,"column":46}},"type":"binary-expr","locations":[{"start":{"line":27,"column":10},"end":{"line":27,"column":14}},{"start":{"line":27,"column":18},"end":{"line":27,"column":46}}],"line":27}},"s":{"0":1,"1":1,"2":5,"3":50,"4":5,"5":5,"6":1,"7":4,"8":1,"9":3,"10":1,"11":2,"12":1,"13":1,"14":1},"f":{"0":1,"1":5,"2":50},"b":{"0":[1,4],"1":[1,3],"2":[1,2],"3":[1,1],"4":[2,2]},"_coverageSchema":"1a1c01bbd47fc00a2c39e90264f33305004495a9","hash":"89a0e4092255b274e31d9701739039a137997a22"}
}
